This is pdfTeX, Version 3.141592653-2.6-1.40.22 (TeX Live 2021) (preloaded format=pdflatex 2021.6.1)  1 JUN 2021 16:34
entering extended mode
 restricted \write18 enabled.
 %&-line parsing enabled.
**DOCUMENTOTECNICO_ANCH_NORTE.tex
(./DOCUMENTOTECNICO_ANCH_NORTE.tex
LaTeX2e <2020-10-01> patch level 4
L3 programming layer <2021-05-27>
(/Users/mariajosezunigabasualto/Library/TinyTeX/texmf-dist/tex/latex/base/artic
le.cls
Document Class: article 2020/04/10 v1.4m Standard LaTeX document class

(/Users/mariajosezunigabasualto/Library/TinyTeX/texmf-dist/tex/latex/base/size1
0.clo
File: size10.clo 2020/04/10 v1.4m Standard LaTeX file (size option)
)
\c@part=\count181
\c@section=\count182
\c@subsection=\count183
\c@subsubsection=\count184
\c@paragraph=\count185
\c@subparagraph=\count186
\c@figure=\count187
\c@table=\count188
\abovecaptionskip=\skip47
\belowcaptionskip=\skip48
\bibindent=\dimen138
)
(/Users/mariajosezunigabasualto/Library/TinyTeX/texmf-dist/tex/latex/lm/lmodern
.sty
Package: lmodern 2015/05/01 v1.6.1 Latin Modern Fonts
LaTeX Font Info:    Overwriting symbol font `operators' in version `normal'
(Font)                  OT1/cmr/m/n --> OT1/lmr/m/n on input line 22.
LaTeX Font Info:    Overwriting symbol font `letters' in version `normal'
(Font)                  OML/cmm/m/it --> OML/lmm/m/it on input line 23.
LaTeX Font Info:    Overwriting symbol font `symbols' in version `normal'
(Font)                  OMS/cmsy/m/n --> OMS/lmsy/m/n on input line 24.
LaTeX Font Info:    Overwriting symbol font `largesymbols' in version `normal'
(Font)                  OMX/cmex/m/n --> OMX/lmex/m/n on input line 25.
LaTeX Font Info:    Overwriting symbol font `operators' in version `bold'
(Font)                  OT1/cmr/bx/n --> OT1/lmr/bx/n on input line 26.
LaTeX Font Info:    Overwriting symbol font `letters' in version `bold'
(Font)                  OML/cmm/b/it --> OML/lmm/b/it on input line 27.
LaTeX Font Info:    Overwriting symbol font `symbols' in version `bold'
(Font)                  OMS/cmsy/b/n --> OMS/lmsy/b/n on input line 28.
LaTeX Font Info:    Overwriting symbol font `largesymbols' in version `bold'
(Font)                  OMX/cmex/m/n --> OMX/lmex/m/n on input line 29.
LaTeX Font Info:    Overwriting math alphabet `\mathbf' in version `normal'
(Font)                  OT1/cmr/bx/n --> OT1/lmr/bx/n on input line 31.
LaTeX Font Info:    Overwriting math alphabet `\mathsf' in version `normal'
(Font)                  OT1/cmss/m/n --> OT1/lmss/m/n on input line 32.
LaTeX Font Info:    Overwriting math alphabet `\mathit' in version `normal'
(Font)                  OT1/cmr/m/it --> OT1/lmr/m/it on input line 33.
LaTeX Font Info:    Overwriting math alphabet `\mathtt' in version `normal'
(Font)                  OT1/cmtt/m/n --> OT1/lmtt/m/n on input line 34.
LaTeX Font Info:    Overwriting math alphabet `\mathbf' in version `bold'
(Font)                  OT1/cmr/bx/n --> OT1/lmr/bx/n on input line 35.
LaTeX Font Info:    Overwriting math alphabet `\mathsf' in version `bold'
(Font)                  OT1/cmss/bx/n --> OT1/lmss/bx/n on input line 36.
LaTeX Font Info:    Overwriting math alphabet `\mathit' in version `bold'
(Font)                  OT1/cmr/bx/it --> OT1/lmr/bx/it on input line 37.
LaTeX Font Info:    Overwriting math alphabet `\mathtt' in version `bold'
(Font)                  OT1/cmtt/m/n --> OT1/lmtt/m/n on input line 38.
)
(/Users/mariajosezunigabasualto/Library/TinyTeX/texmf-dist/tex/latex/amsfonts/a
mssymb.sty
Package: amssymb 2013/01/14 v3.01 AMS font symbols

(/Users/mariajosezunigabasualto/Library/TinyTeX/texmf-dist/tex/latex/amsfonts/a
msfonts.sty
Package: amsfonts 2013/01/14 v3.01 Basic AMSFonts support
\@emptytoks=\toks15
\symAMSa=\mathgroup4
\symAMSb=\mathgroup5
LaTeX Font Info:    Redeclaring math symbol \hbar on input line 98.
LaTeX Font Info:    Overwriting math alphabet `\mathfrak' in version `bold'
(Font)                  U/euf/m/n --> U/euf/b/n on input line 106.
))
(/Users/mariajosezunigabasualto/Library/TinyTeX/texmf-dist/tex/latex/amsmath/am
smath.sty
Package: amsmath 2020/09/23 v2.17i AMS math features
\@mathmargin=\skip49
For additional information on amsmath, use the `?' option.

(/Users/mariajosezunigabasualto/Library/TinyTeX/texmf-dist/tex/latex/amsmath/am
stext.sty
Package: amstext 2000/06/29 v2.01 AMS text

(/Users/mariajosezunigabasualto/Library/TinyTeX/texmf-dist/tex/latex/amsmath/am
sgen.sty
File: amsgen.sty 1999/11/30 v2.0 generic functions
\@emptytoks=\toks16
\ex@=\dimen139
))
(/Users/mariajosezunigabasualto/Library/TinyTeX/texmf-dist/tex/latex/amsmath/am
sbsy.sty
Package: amsbsy 1999/11/29 v1.2d Bold Symbols
\pmbraise@=\dimen140
)
(/Users/mariajosezunigabasualto/Library/TinyTeX/texmf-dist/tex/latex/amsmath/am
sopn.sty
Package: amsopn 2016/03/08 v2.02 operator names
)
\inf@bad=\count189
LaTeX Info: Redefining \frac on input line 234.
\uproot@=\count190
\leftroot@=\count191
LaTeX Info: Redefining \overline on input line 399.
\classnum@=\count192
\DOTSCASE@=\count193
LaTeX Info: Redefining \ldots on input line 496.
LaTeX Info: Redefining \dots on input line 499.
LaTeX Info: Redefining \cdots on input line 620.
\Mathstrutbox@=\box47
\strutbox@=\box48
\big@size=\dimen141
LaTeX Font Info:    Redeclaring font encoding OML on input line 743.
LaTeX Font Info:    Redeclaring font encoding OMS on input line 744.
\macc@depth=\count194
\c@MaxMatrixCols=\count195
\dotsspace@=\muskip16
\c@parentequation=\count196
\dspbrk@lvl=\count197
\tag@help=\toks17
\row@=\count198
\column@=\count199
\maxfields@=\count266
\andhelp@=\toks18
\eqnshift@=\dimen142
\alignsep@=\dimen143
\tagshift@=\dimen144
\tagwidth@=\dimen145
\totwidth@=\dimen146
\lineht@=\dimen147
\@envbody=\toks19
\multlinegap=\skip50
\multlinetaggap=\skip51
\mathdisplay@stack=\toks20
LaTeX Info: Redefining \[ on input line 2923.
LaTeX Info: Redefining \] on input line 2924.
)
(/Users/mariajosezunigabasualto/Library/TinyTeX/texmf-dist/tex/generic/iftex/if
xetex.sty
Package: ifxetex 2019/10/25 v0.7 ifxetex legacy package. Use iftex instead.

(/Users/mariajosezunigabasualto/Library/TinyTeX/texmf-dist/tex/generic/iftex/if
tex.sty
Package: iftex 2020/03/06 v1.0d TeX engine tests
))
(/Users/mariajosezunigabasualto/Library/TinyTeX/texmf-dist/tex/generic/iftex/if
luatex.sty
Package: ifluatex 2019/10/25 v1.5 ifluatex legacy package. Use iftex instead.
)
(/Users/mariajosezunigabasualto/Library/TinyTeX/texmf-dist/tex/latex/base/fonte
nc.sty
Package: fontenc 2020/08/10 v2.0s Standard LaTeX package
LaTeX Font Info:    Trying to load font information for T1+lmr on input line 11
2.

(/Users/mariajosezunigabasualto/Library/TinyTeX/texmf-dist/tex/latex/lm/t1lmr.f
d
File: t1lmr.fd 2015/05/01 v1.6.1 Font defs for Latin Modern
))
(/Users/mariajosezunigabasualto/Library/TinyTeX/texmf-dist/tex/latex/base/input
enc.sty
Package: inputenc 2020/08/01 v1.3d Input encoding file
\inpenc@prehook=\toks21
\inpenc@posthook=\toks22
)
(/Users/mariajosezunigabasualto/Library/TinyTeX/texmf-dist/tex/latex/base/textc
omp.sty
Package: textcomp 2020/02/02 v2.0n Standard LaTeX package
)
(/Users/mariajosezunigabasualto/Library/TinyTeX/texmf-dist/tex/latex/parskip/pa
rskip.sty
Package: parskip 2021-03-14 v2.0h non-zero parskip adjustments

(/Users/mariajosezunigabasualto/Library/TinyTeX/texmf-dist/tex/latex/kvoptions/
kvoptions.sty
Package: kvoptions 2020-10-07 v3.14 Key value format for package options (HO)

(/Users/mariajosezunigabasualto/Library/TinyTeX/texmf-dist/tex/latex/graphics/k
eyval.sty
Package: keyval 2014/10/28 v1.15 key=value parser (DPC)
\KV@toks@=\toks23
)
(/Users/mariajosezunigabasualto/Library/TinyTeX/texmf-dist/tex/generic/ltxcmds/
ltxcmds.sty
Package: ltxcmds 2020-05-10 v1.25 LaTeX kernel commands for general use (HO)
)
(/Users/mariajosezunigabasualto/Library/TinyTeX/texmf-dist/tex/generic/kvsetkey
s/kvsetkeys.sty
Package: kvsetkeys 2019/12/15 v1.18 Key value parser (HO)
))
(/Users/mariajosezunigabasualto/Library/TinyTeX/texmf-dist/tex/latex/etoolbox/e
toolbox.sty
Package: etoolbox 2020/10/05 v2.5k e-TeX tools for LaTeX (JAW)
\etb@tempcnta=\count267
))
(/Users/mariajosezunigabasualto/Library/TinyTeX/texmf-dist/tex/latex/xcolor/xco
lor.sty
Package: xcolor 2016/05/11 v2.12 LaTeX color extensions (UK)

(/Users/mariajosezunigabasualto/Library/TinyTeX/texmf-dist/tex/latex/graphics-c
fg/color.cfg
File: color.cfg 2016/01/02 v1.6 sample color configuration
)
Package xcolor Info: Driver file: pdftex.def on input line 225.

(/Users/mariajosezunigabasualto/Library/TinyTeX/texmf-dist/tex/latex/graphics-d
ef/pdftex.def
File: pdftex.def 2020/10/05 v1.2a Graphics/color driver for pdftex
)
Package xcolor Info: Model `cmy' substituted by `cmy0' on input line 1348.
Package xcolor Info: Model `hsb' substituted by `rgb' on input line 1352.
Package xcolor Info: Model `RGB' extended on input line 1364.
Package xcolor Info: Model `HTML' substituted by `rgb' on input line 1366.
Package xcolor Info: Model `Hsb' substituted by `hsb' on input line 1367.
Package xcolor Info: Model `tHsb' substituted by `hsb' on input line 1368.
Package xcolor Info: Model `HSB' substituted by `hsb' on input line 1369.
Package xcolor Info: Model `Gray' substituted by `gray' on input line 1370.
Package xcolor Info: Model `wave' substituted by `hsb' on input line 1371.
)
(/Users/mariajosezunigabasualto/Library/TinyTeX/texmf-dist/tex/latex/hyperref/h
yperref.sty
Package: hyperref 2021-02-27 v7.00k Hypertext links for LaTeX

(/Users/mariajosezunigabasualto/Library/TinyTeX/texmf-dist/tex/generic/pdftexcm
ds/pdftexcmds.sty
Package: pdftexcmds 2020-06-27 v0.33 Utility functions of pdfTeX for LuaTeX (HO
)

(/Users/mariajosezunigabasualto/Library/TinyTeX/texmf-dist/tex/generic/infwarer
r/infwarerr.sty
Package: infwarerr 2019/12/03 v1.5 Providing info/warning/error messages (HO)
)
Package pdftexcmds Info: \pdf@primitive is available.
Package pdftexcmds Info: \pdf@ifprimitive is available.
Package pdftexcmds Info: \pdfdraftmode found.
)
(/Users/mariajosezunigabasualto/Library/TinyTeX/texmf-dist/tex/generic/kvdefine
keys/kvdefinekeys.sty
Package: kvdefinekeys 2019-12-19 v1.6 Define keys (HO)
)
(/Users/mariajosezunigabasualto/Library/TinyTeX/texmf-dist/tex/generic/pdfescap
e/pdfescape.sty
Package: pdfescape 2019/12/09 v1.15 Implements pdfTeX's escape features (HO)
)
(/Users/mariajosezunigabasualto/Library/TinyTeX/texmf-dist/tex/latex/hycolor/hy
color.sty
Package: hycolor 2020-01-27 v1.10 Color options for hyperref/bookmark (HO)
)
(/Users/mariajosezunigabasualto/Library/TinyTeX/texmf-dist/tex/latex/letltxmacr
o/letltxmacro.sty
Package: letltxmacro 2019/12/03 v1.6 Let assignment for LaTeX macros (HO)
)
(/Users/mariajosezunigabasualto/Library/TinyTeX/texmf-dist/tex/latex/auxhook/au
xhook.sty
Package: auxhook 2019-12-17 v1.6 Hooks for auxiliary files (HO)
)
\@linkdim=\dimen148
\Hy@linkcounter=\count268
\Hy@pagecounter=\count269

(/Users/mariajosezunigabasualto/Library/TinyTeX/texmf-dist/tex/latex/hyperref/p
d1enc.def
File: pd1enc.def 2021-02-27 v7.00k Hyperref: PDFDocEncoding definition (HO)
Now handling font encoding PD1 ...
... no UTF-8 mapping file for font encoding PD1
)
(/Users/mariajosezunigabasualto/Library/TinyTeX/texmf-dist/tex/latex/hyperref/h
yperref-langpatches.def
File: hyperref-langpatches.def 2021-02-27 v7.00k Hyperref: patches for babel la
nguages
)
(/Users/mariajosezunigabasualto/Library/TinyTeX/texmf-dist/tex/generic/intcalc/
intcalc.sty
Package: intcalc 2019/12/15 v1.3 Expandable calculations with integers (HO)
)
(/Users/mariajosezunigabasualto/Library/TinyTeX/texmf-dist/tex/generic/etexcmds
/etexcmds.sty
Package: etexcmds 2019/12/15 v1.7 Avoid name clashes with e-TeX commands (HO)
)
\Hy@SavedSpaceFactor=\count270

(/Users/mariajosezunigabasualto/Library/TinyTeX/texmf-dist/tex/latex/hyperref/p
uenc.def
File: puenc.def 2021-02-27 v7.00k Hyperref: PDF Unicode definition (HO)
Now handling font encoding PU ...
... no UTF-8 mapping file for font encoding PU
)
Package hyperref Info: Option `unicode' set `true' on input line 4073.
Package hyperref Info: Hyper figures OFF on input line 4192.
Package hyperref Info: Link nesting OFF on input line 4197.
Package hyperref Info: Hyper index ON on input line 4200.
Package hyperref Info: Plain pages OFF on input line 4207.
Package hyperref Info: Backreferencing OFF on input line 4212.
Package hyperref Info: Implicit mode ON; LaTeX internals redefined.
Package hyperref Info: Bookmarks ON on input line 4445.
\c@Hy@tempcnt=\count271

(/Users/mariajosezunigabasualto/Library/TinyTeX/texmf-dist/tex/latex/url/url.st
y
\Urlmuskip=\muskip17
Package: url 2013/09/16  ver 3.4  Verb mode for urls, etc.
)
LaTeX Info: Redefining \url on input line 4804.
\XeTeXLinkMargin=\dimen149

(/Users/mariajosezunigabasualto/Library/TinyTeX/texmf-dist/tex/generic/bitset/b
itset.sty
Package: bitset 2019/12/09 v1.3 Handle bit-vector datatype (HO)

(/Users/mariajosezunigabasualto/Library/TinyTeX/texmf-dist/tex/generic/bigintca
lc/bigintcalc.sty
Package: bigintcalc 2019/12/15 v1.5 Expandable calculations on big integers (HO
)
))
\Fld@menulength=\count272
\Field@Width=\dimen150
\Fld@charsize=\dimen151
Package hyperref Info: Hyper figures OFF on input line 6075.
Package hyperref Info: Link nesting OFF on input line 6080.
Package hyperref Info: Hyper index ON on input line 6083.
Package hyperref Info: backreferencing OFF on input line 6090.
Package hyperref Info: Link coloring OFF on input line 6095.
Package hyperref Info: Link coloring with OCG OFF on input line 6100.
Package hyperref Info: PDF/A mode OFF on input line 6105.
LaTeX Info: Redefining \ref on input line 6145.
LaTeX Info: Redefining \pageref on input line 6149.

(/Users/mariajosezunigabasualto/Library/TinyTeX/texmf-dist/tex/latex/base/atbeg
shi-ltx.sty
Package: atbegshi-ltx 2020/08/17 v1.0a Emulation of the original atbegshi packa
ge
with kernel methods
)
\Hy@abspage=\count273
\c@Item=\count274
\c@Hfootnote=\count275
)
Package hyperref Info: Driver (autodetected): hpdftex.

(/Users/mariajosezunigabasualto/Library/TinyTeX/texmf-dist/tex/latex/hyperref/h
pdftex.def
File: hpdftex.def 2021-02-27 v7.00k Hyperref driver for pdfTeX

(/Users/mariajosezunigabasualto/Library/TinyTeX/texmf-dist/tex/latex/base/atver
yend-ltx.sty
Package: atveryend-ltx 2020/08/19 v1.0a Emulation of the original atvery packag
e
with kernel methods
)
\Fld@listcount=\count276
\c@bookmark@seq@number=\count277

(/Users/mariajosezunigabasualto/Library/TinyTeX/texmf-dist/tex/latex/rerunfilec
heck/rerunfilecheck.sty
Package: rerunfilecheck 2019/12/05 v1.9 Rerun checks for auxiliary files (HO)

(/Users/mariajosezunigabasualto/Library/TinyTeX/texmf-dist/tex/generic/uniqueco
unter/uniquecounter.sty
Package: uniquecounter 2019/12/15 v1.4 Provide unlimited unique counter (HO)
)
Package uniquecounter Info: New unique counter `rerunfilecheck' on input line 2
86.
)
\Hy@SectionHShift=\skip52
)
(/Users/mariajosezunigabasualto/Library/TinyTeX/texmf-dist/tex/latex/geometry/g
eometry.sty
Package: geometry 2020/01/02 v5.9 Page Geometry

(/Users/mariajosezunigabasualto/Library/TinyTeX/texmf-dist/tex/generic/iftex/if
vtex.sty
Package: ifvtex 2019/10/25 v1.7 ifvtex legacy package. Use iftex instead.
)
\Gm@cnth=\count278
\Gm@cntv=\count279
\c@Gm@tempcnt=\count280
\Gm@bindingoffset=\dimen152
\Gm@wd@mp=\dimen153
\Gm@odd@mp=\dimen154
\Gm@even@mp=\dimen155
\Gm@layoutwidth=\dimen156
\Gm@layoutheight=\dimen157
\Gm@layouthoffset=\dimen158
\Gm@layoutvoffset=\dimen159
\Gm@dimlist=\toks24
)
(/Users/mariajosezunigabasualto/Library/TinyTeX/texmf-dist/tex/latex/graphics/g
raphicx.sty
Package: graphicx 2020/09/09 v1.2b Enhanced LaTeX Graphics (DPC,SPQR)

(/Users/mariajosezunigabasualto/Library/TinyTeX/texmf-dist/tex/latex/graphics/g
raphics.sty
Package: graphics 2020/08/30 v1.4c Standard LaTeX Graphics (DPC,SPQR)

(/Users/mariajosezunigabasualto/Library/TinyTeX/texmf-dist/tex/latex/graphics/t
rig.sty
Package: trig 2016/01/03 v1.10 sin cos tan (DPC)
)
(/Users/mariajosezunigabasualto/Library/TinyTeX/texmf-dist/tex/latex/graphics-c
fg/graphics.cfg
File: graphics.cfg 2016/06/04 v1.11 sample graphics configuration
)
Package graphics Info: Driver file: pdftex.def on input line 105.
)
\Gin@req@height=\dimen160
\Gin@req@width=\dimen161
)
(/Users/mariajosezunigabasualto/Library/TinyTeX/texmf-dist/tex/latex/draftwater
mark/draftwatermark.sty
Package: draftwatermark 2020/12/08 3.0 Put a gray textual watermark on document
 pages
)
(/Users/mariajosezunigabasualto/Library/TinyTeX/texmf-dist/tex/latex/fancyhdr/f
ancyhdr.sty
Package: fancyhdr 2021/01/28 v4.0.1 Extensive control of page headers and foote
rs
\f@nch@headwidth=\skip53
\f@nch@O@elh=\skip54
\f@nch@O@erh=\skip55
\f@nch@O@olh=\skip56
\f@nch@O@orh=\skip57
\f@nch@O@elf=\skip58
\f@nch@O@erf=\skip59
\f@nch@O@olf=\skip60
\f@nch@O@orf=\skip61
)
(/Users/mariajosezunigabasualto/Library/TinyTeX/texmf-dist/tex/latex/was/gensym
b.sty
Package: gensymb 2003/07/02 v1.0 (WaS)
)
(/Users/mariajosezunigabasualto/Library/TinyTeX/texmf-dist/tex/latex/caption/ca
ption.sty
Package: caption 2020/10/26 v3.5g Customizing captions (AR)

(/Users/mariajosezunigabasualto/Library/TinyTeX/texmf-dist/tex/latex/caption/ca
ption3.sty
Package: caption3 2020/10/21 v2.2e caption3 kernel (AR)
\captionmargin=\dimen162
\captionmargin@=\dimen163
\captionwidth=\dimen164
\caption@tempdima=\dimen165
\caption@indent=\dimen166
\caption@parindent=\dimen167
\caption@hangindent=\dimen168
Package caption Info: Standard document class detected.
)
\c@caption@flags=\count281
\c@continuedfloat=\count282
Package caption Info: hyperref package is loaded.
)
(/Users/mariajosezunigabasualto/Library/TinyTeX/texmf-dist/tex/latex/psnfss/hel
vet.sty
Package: helvet 2020/03/25 PSNFSS-v9.3 (WaS) 
)
(/Users/mariajosezunigabasualto/Library/TinyTeX/texmf-dist/tex/latex/multirow/m
ultirow.sty
Package: multirow 2021/03/15 v2.8 Span multiple rows of a table
\multirow@colwidth=\skip62
\multirow@cntb=\count283
\multirow@dima=\skip63
\bigstrutjot=\dimen169
)
(/Users/mariajosezunigabasualto/Library/TinyTeX/texmf-dist/tex/latex/natbib/nat
bib.sty
Package: natbib 2010/09/13 8.31b (PWD, AO)
\bibhang=\skip64
\bibsep=\skip65
LaTeX Info: Redefining \cite on input line 694.
\c@NAT@ctr=\count284
)
(/Users/mariajosezunigabasualto/Library/TinyTeX/texmf-dist/tex/latex/colortbl/c
olortbl.sty
Package: colortbl 2020/01/04 v1.0e Color table columns (DPC)

(/Users/mariajosezunigabasualto/Library/TinyTeX/texmf-dist/tex/latex/tools/arra
y.sty
Package: array 2020/10/01 v2.5c Tabular extension package (FMi)
\col@sep=\dimen170
\ar@mcellbox=\box49
\extrarowheight=\dimen171
\NC@list=\toks25
\extratabsurround=\skip66
\backup@length=\skip67
\ar@cellbox=\box50
)
\everycr=\toks26
\minrowclearance=\skip68
)

Package fancyhdr Warning: \fancyhead's `E' option without twoside option is use
less on input line 92.


Package fancyhdr Warning: \fancyhead's `E' option without twoside option is use
less on input line 93.


Package fancyhdr Warning: \fancyhead's `E' option without twoside option is use
less on input line 94.


(/Users/mariajosezunigabasualto/Library/TinyTeX/texmf-dist/tex/generic/babel/ba
bel.sty
Package: babel 2021/05/16 3.59 The Babel package

(/Users/mariajosezunigabasualto/Library/TinyTeX/texmf-dist/tex/generic/babel/ba
bel.def
File: babel.def 2021/05/16 3.59 Babel common definitions
\babel@savecnt=\count285
\U@D=\dimen172
\l@unhyphenated=\language4

(/Users/mariajosezunigabasualto/Library/TinyTeX/texmf-dist/tex/generic/babel/tx
tbabel.def)
\bbl@readstream=\read2
)
\bbl@dirlevel=\count286

(/Users/mariajosezunigabasualto/Library/TinyTeX/texmf-dist/tex/generic/babel-sp
anish/spanish.ldf
Language: spanish.ldf 2021/05/27 v5.0q Spanish support from the babel system
\es@quottoks=\toks27
\es@quotdepth=\count287
)
(/Users/mariajosezunigabasualto/Library/TinyTeX/texmf-dist/tex/generic/babel-sp
anish/spanish.ldf
Language: spanish.ldf 2021/05/27 v5.0q Spanish support from the babel system
))
LaTeX Font Info:    Trying to load font information for T1+phv on input line 10
8.

(/Users/mariajosezunigabasualto/Library/TinyTeX/texmf-dist/tex/latex/psnfss/t1p
hv.fd
File: t1phv.fd 2020/03/25 scalable font definitions for T1/phv.
)
(/Users/mariajosezunigabasualto/Library/TinyTeX/texmf-dist/tex/latex/l3backend/
l3backend-pdftex.def
File: l3backend-pdftex.def 2021-05-07 L3 backend support: PDF output (pdfTeX)
\l__color_backend_stack_int=\count288
\l__pdf_internal_box=\box51
) (./DOCUMENTOTECNICO_ANCH_NORTE.aux
LaTeX Info: Redefining \. on input line 22.
LaTeX Info: Redefining \% on input line 22.
)
\openout1 = `DOCUMENTOTECNICO_ANCH_NORTE.aux'.

LaTeX Font Info:    Checking defaults for OML/cmm/m/it on input line 108.
LaTeX Font Info:    ... okay on input line 108.
LaTeX Font Info:    Checking defaults for OMS/cmsy/m/n on input line 108.
LaTeX Font Info:    ... okay on input line 108.
LaTeX Font Info:    Checking defaults for OT1/cmr/m/n on input line 108.
LaTeX Font Info:    ... okay on input line 108.
LaTeX Font Info:    Checking defaults for T1/cmr/m/n on input line 108.
LaTeX Font Info:    ... okay on input line 108.
LaTeX Font Info:    Checking defaults for TS1/cmr/m/n on input line 108.
LaTeX Font Info:    ... okay on input line 108.
LaTeX Font Info:    Checking defaults for OMX/cmex/m/n on input line 108.
LaTeX Font Info:    ... okay on input line 108.
LaTeX Font Info:    Checking defaults for U/cmr/m/n on input line 108.
LaTeX Font Info:    ... okay on input line 108.
LaTeX Font Info:    Checking defaults for PD1/pdf/m/n on input line 108.
LaTeX Font Info:    ... okay on input line 108.
LaTeX Font Info:    Checking defaults for PU/pdf/m/n on input line 108.
LaTeX Font Info:    ... okay on input line 108.

(/Users/mariajosezunigabasualto/Library/TinyTeX/texmf-dist/tex/latex/epstopdf-p
kg/epstopdf-base.sty
Package: epstopdf-base 2020-01-24 v2.11 Base part for package epstopdf

(/Users/mariajosezunigabasualto/Library/TinyTeX/texmf-dist/tex/latex/grfext/grf
ext.sty
Package: grfext 2019/12/03 v1.3 Manage graphics extensions (HO)
)
Package epstopdf-base Info: Redefining graphics rule for `.eps' on input line 4
85.
Package grfext Info: Graphics extension search list:
(grfext)             [.pdf,.png,.jpg,.mps,.jpeg,.jbig2,.jb2,.PDF,.PNG,.JPG,.JPE
G,.JBIG2,.JB2,.eps]
(grfext)             \AppendGraphicsExtensions on input line 504.

(/Users/mariajosezunigabasualto/Library/TinyTeX/texmf-dist/tex/latex/latexconfi
g/epstopdf-sys.cfg
File: epstopdf-sys.cfg 2010/07/13 v1.3 Configuration of (r)epstopdf for TeX Liv
e
))
Package hyperref Info: Link coloring OFF on input line 108.

(/Users/mariajosezunigabasualto/Library/TinyTeX/texmf-dist/tex/latex/hyperref/n
ameref.sty
Package: nameref 2021-04-02 v2.47 Cross-referencing by name of section

(/Users/mariajosezunigabasualto/Library/TinyTeX/texmf-dist/tex/latex/refcount/r
efcount.sty
Package: refcount 2019/12/15 v3.6 Data extraction from label references (HO)
)
(/Users/mariajosezunigabasualto/Library/TinyTeX/texmf-dist/tex/generic/gettitle
string/gettitlestring.sty
Package: gettitlestring 2019/12/15 v1.6 Cleanup title references (HO)
)
\c@section@level=\count289
)
LaTeX Info: Redefining \ref on input line 108.
LaTeX Info: Redefining \pageref on input line 108.
LaTeX Info: Redefining \nameref on input line 108.
(./DOCUMENTOTECNICO_ANCH_NORTE.out) (./DOCUMENTOTECNICO_ANCH_NORTE.out)
\@outlinefile=\write3
\openout3 = `DOCUMENTOTECNICO_ANCH_NORTE.out'.

*geometry* driver: auto-detecting
*geometry* detected driver: pdftex
*geometry* verbose mode - [ preamble ] result:
* driver: pdftex
* paper: <default>
* layout: <same size as paper>
* layoutoffset:(h,v)=(0.0pt,0.0pt)
* modes: 
* h-part:(L,W,R)=(71.13188pt, 472.03123pt, 71.13188pt)
* v-part:(T,H,B)=(42.67912pt, 723.83812pt, 28.45274pt)
* \paperwidth=614.295pt
* \paperheight=794.96999pt
* \textwidth=472.03123pt
* \textheight=658.0pt
* \oddsidemargin=-1.1381pt
* \evensidemargin=-1.1381pt
* \topmargin=-66.59087pt
* \headheight=70.0pt
* \headsep=25.0pt
* \topskip=10.0pt
* \footskip=5.0pt
* \marginparwidth=65.0pt
* \marginparsep=11.0pt
* \columnsep=10.0pt
* \skip\footins=9.0pt plus 4.0pt minus 2.0pt
* \hoffset=0.0pt
* \voffset=0.0pt
* \mag=1000
* \@twocolumnfalse
* \@twosidefalse
* \@mparswitchfalse
* \@reversemarginfalse
* (1in=72.27pt=25.4mm, 1cm=28.453pt)

\symgns@font=\mathgroup6
LaTeX Font Info:    Overwriting symbol font `gns@font' in version `bold'
(Font)                  TS1/phv/m/n --> TS1/phv/b/n on input line 108.
Package gensymb Info: Math companion symbols declared on input line 108.
LaTeX Info: Redefining \degree on input line 108.
LaTeX Info: Redefining \celsius on input line 108.
Package gensymb Info: Using text companion symbols for \degree, \celsius and \p
erthousand on input line 108.
LaTeX Info: Redefining \ohm on input line 108.
Package gensymb Info: Using \textohm for \ohm on input line 108.
Package gensymb Info: Using \textmu for \micro on input line 108.
Package caption Info: Begin \AtBeginDocument code.
Package caption Info: End \AtBeginDocument code.
LaTeX Info: Redefining \. on input line 108.
LaTeX Info: Redefining \% on input line 108.
(./DOCUMENTOTECNICO_ANCH_NORTE.toc
LaTeX Info: Redefining \. on input line 1.
LaTeX Info: Redefining \% on input line 1.
LaTeX Font Info:    Trying to load font information for OT1+lmr on input line 4
.

(/Users/mariajosezunigabasualto/Library/TinyTeX/texmf-dist/tex/latex/lm/ot1lmr.
fd
File: ot1lmr.fd 2015/05/01 v1.6.1 Font defs for Latin Modern
)
LaTeX Font Info:    Trying to load font information for OML+lmm on input line 4
.

(/Users/mariajosezunigabasualto/Library/TinyTeX/texmf-dist/tex/latex/lm/omllmm.
fd
File: omllmm.fd 2015/05/01 v1.6.1 Font defs for Latin Modern
)
LaTeX Font Info:    Trying to load font information for OMS+lmsy on input line 
4.

(/Users/mariajosezunigabasualto/Library/TinyTeX/texmf-dist/tex/latex/lm/omslmsy
.fd
File: omslmsy.fd 2015/05/01 v1.6.1 Font defs for Latin Modern
)
LaTeX Font Info:    Trying to load font information for OMX+lmex on input line 
4.

(/Users/mariajosezunigabasualto/Library/TinyTeX/texmf-dist/tex/latex/lm/omxlmex
.fd
File: omxlmex.fd 2015/05/01 v1.6.1 Font defs for Latin Modern
)
LaTeX Font Info:    External font `lmex10' loaded for size
(Font)              <10> on input line 4.
LaTeX Font Info:    External font `lmex10' loaded for size
(Font)              <7> on input line 4.
LaTeX Font Info:    External font `lmex10' loaded for size
(Font)              <5> on input line 4.
LaTeX Font Info:    Trying to load font information for U+msa on input line 4.

(/Users/mariajosezunigabasualto/Library/TinyTeX/texmf-dist/tex/latex/amsfonts/u
msa.fd
File: umsa.fd 2013/01/14 v3.01 AMS symbols A
)
LaTeX Font Info:    Trying to load font information for U+msb on input line 4.

(/Users/mariajosezunigabasualto/Library/TinyTeX/texmf-dist/tex/latex/amsfonts/u
msb.fd
File: umsb.fd 2013/01/14 v3.01 AMS symbols B
)
LaTeX Font Info:    Trying to load font information for TS1+phv on input line 4
.

(/Users/mariajosezunigabasualto/Library/TinyTeX/texmf-dist/tex/latex/psnfss/ts1
phv.fd
File: ts1phv.fd 2020/03/25 scalable font definitions for TS1/phv.
))
\tf@toc=\write4
\openout4 = `DOCUMENTOTECNICO_ANCH_NORTE.toc'.

<logoifop.png, id=229, 125.5089pt x 151.767pt>
File: logoifop.png Graphic file (type png)
<use logoifop.png>
Package pdftex.def Info: logoifop.png  used on input line 115.
(pdftex.def)             Requested size: 35.29353pt x 42.6774pt.

Package fancyhdr Warning: \footskip is too small (5.0pt): 
(fancyhdr)                Make it at least 7.875pt, for example:
(fancyhdr)                \setlength{\footskip}{7.875pt}.

[1{/Users/mariajosezunigabasualto/Library/TinyTeX/texmf-var/fonts/map/pdftex/up
dmap/pdftex.map}

 <./logoifop.png>]
LaTeX Font Info:    Font shape `T1/phv/m/it' in size <10> not available
(Font)              Font shape `T1/phv/m/sl' tried instead on input line 120.
File: logoifop.png Graphic file (type png)
<use logoifop.png>
Package pdftex.def Info: logoifop.png  used on input line 170.
(pdftex.def)             Requested size: 35.29353pt x 42.6774pt.

Package fancyhdr Warning: \footskip is too small (5.0pt): 
(fancyhdr)                Make it at least 7.875pt, for example:
(fancyhdr)                \setlength{\footskip}{7.875pt}.

[2]
File: logoifop.png Graphic file (type png)
<use logoifop.png>
Package pdftex.def Info: logoifop.png  used on input line 217.
(pdftex.def)             Requested size: 35.29353pt x 42.6774pt.

Package fancyhdr Warning: \footskip is too small (5.0pt): 
(fancyhdr)                Make it at least 7.875pt, for example:
(fancyhdr)                \setlength{\footskip}{7.875pt}.

[3]
<Fig/figura1.pdf, id=258, 578.16pt x 650.43pt>
File: Fig/figura1.pdf Graphic file (type pdf)
<use Fig/figura1.pdf>
Package pdftex.def Info: Fig/figura1.pdf  used on input line 240.
(pdftex.def)             Requested size: 328.79593pt x 369.89542pt.
File: logoifop.png Graphic file (type png)
<use logoifop.png>
Package pdftex.def Info: logoifop.png  used on input line 278.
(pdftex.def)             Requested size: 35.29353pt x 42.6774pt.

Package fancyhdr Warning: \footskip is too small (5.0pt): 
(fancyhdr)                Make it at least 7.875pt, for example:
(fancyhdr)                \setlength{\footskip}{7.875pt}.

[4 <./Fig/figura1.pdf>]
File: logoifop.png Graphic file (type png)
<use logoifop.png>
Package pdftex.def Info: logoifop.png  used on input line 345.
(pdftex.def)             Requested size: 35.29353pt x 42.6774pt.

Package fancyhdr Warning: \footskip is too small (5.0pt): 
(fancyhdr)                Make it at least 7.67097pt, for example:
(fancyhdr)                \setlength{\footskip}{7.67097pt}.

[5]
<Fig/figura2.pdf, id=283, 794.97pt x 578.16pt>
File: Fig/figura2.pdf Graphic file (type pdf)
<use Fig/figura2.pdf>
Package pdftex.def Info: Fig/figura2.pdf  used on input line 348.
(pdftex.def)             Requested size: 312.97258pt x 227.61641pt.
File: logoifop.png Graphic file (type png)
<use logoifop.png>
Package pdftex.def Info: logoifop.png  used on input line 393.
(pdftex.def)             Requested size: 35.29353pt x 42.6774pt.

Package fancyhdr Warning: \footskip is too small (5.0pt): 
(fancyhdr)                Make it at least 7.875pt, for example:
(fancyhdr)                \setlength{\footskip}{7.875pt}.

[6 <./Fig/figura2.pdf>]
<Fig/figura3.pdf, id=298, 722.7pt x 650.43pt>
File: Fig/figura3.pdf Graphic file (type pdf)
<use Fig/figura3.pdf>
Package pdftex.def Info: Fig/figura3.pdf  used on input line 438.
(pdftex.def)             Requested size: 379.37907pt x 341.44116pt.
<Fig/figura4.pdf, id=301, 650.43pt x 505.89pt>
File: Fig/figura4.pdf Graphic file (type pdf)
<use Fig/figura4.pdf>
Package pdftex.def Info: Fig/figura4.pdf  used on input line 476.
(pdftex.def)             Requested size: 256.07838pt x 199.17207pt.
File: logoifop.png Graphic file (type png)
<use logoifop.png>
Package pdftex.def Info: logoifop.png  used on input line 505.
(pdftex.def)             Requested size: 35.29353pt x 42.6774pt.

Package fancyhdr Warning: \footskip is too small (5.0pt): 
(fancyhdr)                Make it at least 7.67097pt, for example:
(fancyhdr)                \setlength{\footskip}{7.67097pt}.

[7]
File: logoifop.png Graphic file (type png)
<use logoifop.png>
Package pdftex.def Info: logoifop.png  used on input line 528.
(pdftex.def)             Requested size: 35.29353pt x 42.6774pt.

Package fancyhdr Warning: \footskip is too small (5.0pt): 
(fancyhdr)                Make it at least 7.875pt, for example:
(fancyhdr)                \setlength{\footskip}{7.875pt}.

[8 <./Fig/figura3.pdf>]
<Fig/figura5.pdf, id=327, 614.295pt x 593.57759pt>
File: Fig/figura5.pdf Graphic file (type pdf)
<use Fig/figura5.pdf>
Package pdftex.def Info: Fig/figura5.pdf  used on input line 531.
(pdftex.def)             Requested size: 382.79924pt x 369.88916pt.
LaTeX Font Info:    Font shape `T1/phv/m/it' in size <9> not available
(Font)              Font shape `T1/phv/m/sl' tried instead on input line 532.
File: logoifop.png Graphic file (type png)
<use logoifop.png>
Package pdftex.def Info: logoifop.png  used on input line 568.
(pdftex.def)             Requested size: 35.29353pt x 42.6774pt.

Package fancyhdr Warning: \footskip is too small (5.0pt): 
(fancyhdr)                Make it at least 7.875pt, for example:
(fancyhdr)                \setlength{\footskip}{7.875pt}.

[9 <./Fig/figura4.pdf>]
<Fig/figura6.pdf, id=343, 867.24pt x 505.89pt>
File: Fig/figura6.pdf Graphic file (type pdf)
<use Fig/figura6.pdf>
Package pdftex.def Info: Fig/figura6.pdf  used on input line 586.
(pdftex.def)             Requested size: 369.88881pt x 215.76846pt.
File: logoifop.png Graphic file (type png)
<use logoifop.png>
Package pdftex.def Info: logoifop.png  used on input line 605.
(pdftex.def)             Requested size: 35.29353pt x 42.6774pt.

Package fancyhdr Warning: \footskip is too small (5.0pt): 
(fancyhdr)                Make it at least 7.875pt, for example:
(fancyhdr)                \setlength{\footskip}{7.875pt}.

[10 <./Fig/figura5.pdf>]
File: logoifop.png Graphic file (type png)
<use logoifop.png>
Package pdftex.def Info: logoifop.png  used on input line 663.
(pdftex.def)             Requested size: 35.29353pt x 42.6774pt.

Package fancyhdr Warning: \footskip is too small (5.0pt): 
(fancyhdr)                Make it at least 7.875pt, for example:
(fancyhdr)                \setlength{\footskip}{7.875pt}.

[11 <./Fig/figura6.pdf>]
File: logoifop.png Graphic file (type png)
<use logoifop.png>
Package pdftex.def Info: logoifop.png  used on input line 745.
(pdftex.def)             Requested size: 35.29353pt x 42.6774pt.

Package fancyhdr Warning: \footskip is too small (5.0pt): 
(fancyhdr)                Make it at least 7.875pt, for example:
(fancyhdr)                \setlength{\footskip}{7.875pt}.

[12]
<Fig/figura7.pdf, id=376, 939.51pt x 578.16pt>
File: Fig/figura7.pdf Graphic file (type pdf)
<use Fig/figura7.pdf>
Package pdftex.def Info: Fig/figura7.pdf  used on input line 748.
(pdftex.def)             Requested size: 398.33315pt x 245.12808pt.
LaTeX Font Info:    External font `lmex10' loaded for size
(Font)              <9> on input line 781.
LaTeX Font Info:    External font `lmex10' loaded for size
(Font)              <6> on input line 781.
File: logoifop.png Graphic file (type png)
<use logoifop.png>
Package pdftex.def Info: logoifop.png  used on input line 798.
(pdftex.def)             Requested size: 35.29353pt x 42.6774pt.

Package fancyhdr Warning: \footskip is too small (5.0pt): 
(fancyhdr)                Make it at least 7.875pt, for example:
(fancyhdr)                \setlength{\footskip}{7.875pt}.

[13 <./Fig/figura7.pdf>]
File: logoifop.png Graphic file (type png)
<use logoifop.png>
Package pdftex.def Info: logoifop.png  used on input line 865.
(pdftex.def)             Requested size: 35.29353pt x 42.6774pt.

Package fancyhdr Warning: \footskip is too small (5.0pt): 
(fancyhdr)                Make it at least 7.875pt, for example:
(fancyhdr)                \setlength{\footskip}{7.875pt}.

[14]
File: logoifop.png Graphic file (type png)
<use logoifop.png>
Package pdftex.def Info: logoifop.png  used on input line 949.
(pdftex.def)             Requested size: 35.29353pt x 42.6774pt.

Package fancyhdr Warning: \footskip is too small (5.0pt): 
(fancyhdr)                Make it at least 7.875pt, for example:
(fancyhdr)                \setlength{\footskip}{7.875pt}.

[15]
File: logoifop.png Graphic file (type png)
<use logoifop.png>
Package pdftex.def Info: logoifop.png  used on input line 1042.
(pdftex.def)             Requested size: 35.29353pt x 42.6774pt.

Package fancyhdr Warning: \footskip is too small (5.0pt): 
(fancyhdr)                Make it at least 7.875pt, for example:
(fancyhdr)                \setlength{\footskip}{7.875pt}.

[16]
File: logoifop.png Graphic file (type png)
<use logoifop.png>
Package pdftex.def Info: logoifop.png  used on input line 1174.
(pdftex.def)             Requested size: 35.29353pt x 42.6774pt.

Package fancyhdr Warning: \footskip is too small (5.0pt): 
(fancyhdr)                Make it at least 7.875pt, for example:
(fancyhdr)                \setlength{\footskip}{7.875pt}.

[17]
File: logoifop.png Graphic file (type png)
<use logoifop.png>
Package pdftex.def Info: logoifop.png  used on input line 1217.
(pdftex.def)             Requested size: 35.29353pt x 42.6774pt.

Package fancyhdr Warning: \footskip is too small (5.0pt): 
(fancyhdr)                Make it at least 7.875pt, for example:
(fancyhdr)                \setlength{\footskip}{7.875pt}.

[18]
File: logoifop.png Graphic file (type png)
<use logoifop.png>
Package pdftex.def Info: logoifop.png  used on input line 1304.
(pdftex.def)             Requested size: 35.29353pt x 42.6774pt.

Package fancyhdr Warning: \footskip is too small (5.0pt): 
(fancyhdr)                Make it at least 7.875pt, for example:
(fancyhdr)                \setlength{\footskip}{7.875pt}.

[19]
File: logoifop.png Graphic file (type png)
<use logoifop.png>
Package pdftex.def Info: logoifop.png  used on input line 1376.
(pdftex.def)             Requested size: 35.29353pt x 42.6774pt.

Package fancyhdr Warning: \footskip is too small (5.0pt): 
(fancyhdr)                Make it at least 7.875pt, for example:
(fancyhdr)                \setlength{\footskip}{7.875pt}.

[20]
File: logoifop.png Graphic file (type png)
<use logoifop.png>
Package pdftex.def Info: logoifop.png  used on input line 1467.
(pdftex.def)             Requested size: 35.29353pt x 42.6774pt.

Package fancyhdr Warning: \footskip is too small (5.0pt): 
(fancyhdr)                Make it at least 7.875pt, for example:
(fancyhdr)                \setlength{\footskip}{7.875pt}.

[21]
Overfull \hbox (7.50548pt too wide) detected at line 1525
[]\OML/lmm/m/it/10 ^^R \OT1/lmr/m/n/10 = \OMS/lmsy/m/n/10 f\OML/lmm/m/it/10 k[]
; v[]; v[]; []; ^^L[]; ^^M[]; ^^U[]; []; ^^N[] [] ^^N[]; N[] [] N[]; F[] [] F[
]; q[]; q[]; q[]\OMS/lmsy/m/n/10 g
 []

File: logoifop.png Graphic file (type png)
<use logoifop.png>
Package pdftex.def Info: logoifop.png  used on input line 1545.
(pdftex.def)             Requested size: 35.29353pt x 42.6774pt.

Package fancyhdr Warning: \footskip is too small (5.0pt): 
(fancyhdr)                Make it at least 7.875pt, for example:
(fancyhdr)                \setlength{\footskip}{7.875pt}.

[22]
File: logoifop.png Graphic file (type png)
<use logoifop.png>
Package pdftex.def Info: logoifop.png  used on input line 1641.
(pdftex.def)             Requested size: 35.29353pt x 42.6774pt.

Package fancyhdr Warning: \footskip is too small (5.0pt): 
(fancyhdr)                Make it at least 7.875pt, for example:
(fancyhdr)                \setlength{\footskip}{7.875pt}.

[23]
<Fig/figura8.pdf, id=510, 867.24pt x 722.7pt>
File: Fig/figura8.pdf Graphic file (type pdf)
<use Fig/figura8.pdf>
Package pdftex.def Info: Fig/figura8.pdf  used on input line 1694.
(pdftex.def)             Requested size: 341.43787pt x 284.53154pt.
File: logoifop.png Graphic file (type png)
<use logoifop.png>
Package pdftex.def Info: logoifop.png  used on input line 1712.
(pdftex.def)             Requested size: 35.29353pt x 42.6774pt.

Package fancyhdr Warning: \footskip is too small (5.0pt): 
(fancyhdr)                Make it at least 7.875pt, for example:
(fancyhdr)                \setlength{\footskip}{7.875pt}.

[24 <./Fig/figura8.pdf>]
File: logoifop.png Graphic file (type png)
<use logoifop.png>
Package pdftex.def Info: logoifop.png  used on input line 1753.
(pdftex.def)             Requested size: 35.29353pt x 42.6774pt.

Package fancyhdr Warning: \footskip is too small (5.0pt): 
(fancyhdr)                Make it at least 7.875pt, for example:
(fancyhdr)                \setlength{\footskip}{7.875pt}.

[25]
File: logoifop.png Graphic file (type png)
<use logoifop.png>
Package pdftex.def Info: logoifop.png  used on input line 1834.
(pdftex.def)             Requested size: 35.29353pt x 42.6774pt.

Package fancyhdr Warning: \footskip is too small (5.0pt): 
(fancyhdr)                Make it at least 7.875pt, for example:
(fancyhdr)                \setlength{\footskip}{7.875pt}.

[26]
<Fig/figura9.pdf, id=546, 867.24pt x 505.89pt>
File: Fig/figura9.pdf Graphic file (type pdf)
<use Fig/figura9.pdf>
Package pdftex.def Info: Fig/figura9.pdf  used on input line 1876.
(pdftex.def)             Requested size: 341.43787pt x 199.17207pt.
File: logoifop.png Graphic file (type png)
<use logoifop.png>
Package pdftex.def Info: logoifop.png  used on input line 1908.
(pdftex.def)             Requested size: 35.29353pt x 42.6774pt.

Package fancyhdr Warning: \footskip is too small (5.0pt): 
(fancyhdr)                Make it at least 7.875pt, for example:
(fancyhdr)                \setlength{\footskip}{7.875pt}.

[27 <./Fig/figura9.pdf>]
<Fig/figura10.pdf, id=560, 578.16pt x 289.08pt>
File: Fig/figura10.pdf Graphic file (type pdf)
<use Fig/figura10.pdf>
Package pdftex.def Info: Fig/figura10.pdf  used on input line 1911.
(pdftex.def)             Requested size: 455.24165pt x 227.62082pt.
File: logoifop.png Graphic file (type png)
<use logoifop.png>
Package pdftex.def Info: logoifop.png  used on input line 1958.
(pdftex.def)             Requested size: 35.29353pt x 42.6774pt.

Package fancyhdr Warning: \footskip is too small (5.0pt): 
(fancyhdr)                Make it at least 7.875pt, for example:
(fancyhdr)                \setlength{\footskip}{7.875pt}.

[28 <./Fig/figura10.pdf>]
File: logoifop.png Graphic file (type png)
<use logoifop.png>
Package pdftex.def Info: logoifop.png  used on input line 1960.
(pdftex.def)             Requested size: 35.29353pt x 42.6774pt.

Package fancyhdr Warning: \footskip is too small (5.0pt): 
(fancyhdr)                Make it at least 7.875pt, for example:
(fancyhdr)                \setlength{\footskip}{7.875pt}.

[29]
File: logoifop.png Graphic file (type png)
<use logoifop.png>
Package pdftex.def Info: logoifop.png  used on input line 2018.
(pdftex.def)             Requested size: 35.29353pt x 42.6774pt.

Package fancyhdr Warning: \footskip is too small (5.0pt): 
(fancyhdr)                Make it at least 7.875pt, for example:
(fancyhdr)                \setlength{\footskip}{7.875pt}.

[30]
File: logoifop.png Graphic file (type png)
<use logoifop.png>
Package pdftex.def Info: logoifop.png  used on input line 2096.
(pdftex.def)             Requested size: 35.29353pt x 42.6774pt.

Package fancyhdr Warning: \footskip is too small (5.0pt): 
(fancyhdr)                Make it at least 7.875pt, for example:
(fancyhdr)                \setlength{\footskip}{7.875pt}.

[31]
<Fig/figura11.pdf, id=607, 722.7pt x 578.16pt>
File: Fig/figura11.pdf Graphic file (type pdf)
<use Fig/figura11.pdf>
Package pdftex.def Info: Fig/figura11.pdf  used on input line 2149.
(pdftex.def)             Requested size: 391.2226pt x 312.97809pt.
File: logoifop.png Graphic file (type png)
<use logoifop.png>
Package pdftex.def Info: logoifop.png  used on input line 2180.
(pdftex.def)             Requested size: 35.29353pt x 42.6774pt.

Package fancyhdr Warning: \footskip is too small (5.0pt): 
(fancyhdr)                Make it at least 7.875pt, for example:
(fancyhdr)                \setlength{\footskip}{7.875pt}.

[32]
File: logoifop.png Graphic file (type png)
<use logoifop.png>
Package pdftex.def Info: logoifop.png  used on input line 2216.
(pdftex.def)             Requested size: 35.29353pt x 42.6774pt.

Package fancyhdr Warning: \footskip is too small (5.0pt): 
(fancyhdr)                Make it at least 7.875pt, for example:
(fancyhdr)                \setlength{\footskip}{7.875pt}.

[33 <./Fig/figura11.pdf>]
<Fig/figura12.pdf, id=631, 867.24pt x 722.7pt>
File: Fig/figura12.pdf Graphic file (type pdf)
<use Fig/figura12.pdf>
Package pdftex.def Info: Fig/figura12.pdf  used on input line 2240.
(pdftex.def)             Requested size: 409.72014pt x 341.43344pt.
File: logoifop.png Graphic file (type png)
<use logoifop.png>
Package pdftex.def Info: logoifop.png  used on input line 2264.
(pdftex.def)             Requested size: 35.29353pt x 42.6774pt.

Package fancyhdr Warning: \footskip is too small (5.0pt): 
(fancyhdr)                Make it at least 7.875pt, for example:
(fancyhdr)                \setlength{\footskip}{7.875pt}.

[34 <./Fig/figura12.pdf>]
<Fig/figura13.pdf, id=647, 3035.34pt x 650.43pt>
File: Fig/figura13.pdf Graphic file (type pdf)
<use Fig/figura13.pdf>
Package pdftex.def Info: Fig/figura13.pdf  used on input line 2267.
(pdftex.def)             Requested size: 469.4539pt x 100.59726pt.
<Fig/figura14.pdf, id=648, 3035.34pt x 650.43pt>
File: Fig/figura14.pdf Graphic file (type pdf)
<use Fig/figura14.pdf>
Package pdftex.def Info: Fig/figura14.pdf  used on input line 2274.
(pdftex.def)             Requested size: 469.4539pt x 100.59726pt.
<Fig/figura15.pdf, id=652, 525.16202pt x 513.11702pt>
File: Fig/figura15.pdf Graphic file (type pdf)
<use Fig/figura15.pdf>
Package pdftex.def Info: Fig/figura15.pdf  used on input line 2301.
(pdftex.def)             Requested size: 436.82193pt x 426.80307pt.
File: logoifop.png Graphic file (type png)
<use logoifop.png>
Package pdftex.def Info: logoifop.png  used on input line 2307.
(pdftex.def)             Requested size: 35.29353pt x 42.6774pt.

Package fancyhdr Warning: \footskip is too small (5.0pt): 
(fancyhdr)                Make it at least 7.875pt, for example:
(fancyhdr)                \setlength{\footskip}{7.875pt}.

[35 <./Fig/figura13.pdf> <./Fig/figura14.pdf

pdfTeX warning: pdflatex (file ./Fig/figura14.pdf): PDF inclusion: multiple pdf
s with page group included in a single page
>]
<Fig/figura16.pdf, id=677, 578.16pt x 505.89pt>
File: Fig/figura16.pdf Graphic file (type pdf)
<use Fig/figura16.pdf>
Package pdftex.def Info: Fig/figura16.pdf  used on input line 2363.
(pdftex.def)             Requested size: 292.66101pt x 256.07838pt.
<Fig/figura17.pdf, id=680, 578.16pt x 505.89pt>
File: Fig/figura17.pdf Graphic file (type pdf)
<use Fig/figura17.pdf>
Package pdftex.def Info: Fig/figura17.pdf  used on input line 2408.
(pdftex.def)             Requested size: 292.66101pt x 256.07838pt.
File: logoifop.png Graphic file (type png)
<use logoifop.png>
Package pdftex.def Info: logoifop.png  used on input line 2418.
(pdftex.def)             Requested size: 35.29353pt x 42.6774pt.

Package fancyhdr Warning: \footskip is too small (5.0pt): 
(fancyhdr)                Make it at least 7.875pt, for example:
(fancyhdr)                \setlength{\footskip}{7.875pt}.

[36 <./Fig/figura15.pdf>]
File: logoifop.png Graphic file (type png)
<use logoifop.png>
Package pdftex.def Info: logoifop.png  used on input line 2465.
(pdftex.def)             Requested size: 35.29353pt x 42.6774pt.

Package fancyhdr Warning: \footskip is too small (5.0pt): 
(fancyhdr)                Make it at least 7.875pt, for example:
(fancyhdr)                \setlength{\footskip}{7.875pt}.

[37]
File: logoifop.png Graphic file (type png)
<use logoifop.png>
Package pdftex.def Info: logoifop.png  used on input line 2490.
(pdftex.def)             Requested size: 35.29353pt x 42.6774pt.

Package fancyhdr Warning: \footskip is too small (5.0pt): 
(fancyhdr)                Make it at least 7.875pt, for example:
(fancyhdr)                \setlength{\footskip}{7.875pt}.

[38 <./Fig/figura16.pdf> <./Fig/figura17.pdf

pdfTeX warning: pdflatex (file ./Fig/figura17.pdf): PDF inclusion: multiple pdf
s with page group included in a single page
>]
<Fig/figura18.pdf, id=734, 722.7pt x 722.7pt>
File: Fig/figura18.pdf Graphic file (type pdf)
<use Fig/figura18.pdf>
Package pdftex.def Info: Fig/figura18.pdf  used on input line 2599.
(pdftex.def)             Requested size: 284.53154pt x 284.53154pt.
File: logoifop.png Graphic file (type png)
<use logoifop.png>
Package pdftex.def Info: logoifop.png  used on input line 2626.
(pdftex.def)             Requested size: 35.29353pt x 42.6774pt.

Package fancyhdr Warning: \footskip is too small (5.0pt): 
(fancyhdr)                Make it at least 7.875pt, for example:
(fancyhdr)                \setlength{\footskip}{7.875pt}.

[39]
<Fig/figura19.pdf, id=745, 794.97pt x 578.16pt>
File: Fig/figura19.pdf Graphic file (type pdf)
<use Fig/figura19.pdf>
Package pdftex.def Info: Fig/figura19.pdf  used on input line 2629.
(pdftex.def)             Requested size: 369.89984pt x 269.01805pt.
File: logoifop.png Graphic file (type png)
<use logoifop.png>
Package pdftex.def Info: logoifop.png  used on input line 2635.
(pdftex.def)             Requested size: 35.29353pt x 42.6774pt.

Package fancyhdr Warning: \footskip is too small (5.0pt): 
(fancyhdr)                Make it at least 7.875pt, for example:
(fancyhdr)                \setlength{\footskip}{7.875pt}.

[40]

LaTeX Warning: Text page 41 contains only floats.

File: logoifop.png Graphic file (type png)
<use logoifop.png>
Package pdftex.def Info: logoifop.png  used on input line 2635.
(pdftex.def)             Requested size: 35.29353pt x 42.6774pt.

Package fancyhdr Warning: \footskip is too small (5.0pt): 
(fancyhdr)                Make it at least 7.875pt, for example:
(fancyhdr)                \setlength{\footskip}{7.875pt}.

[41 <./Fig/figura18.pdf>]
File: logoifop.png Graphic file (type png)
<use logoifop.png>
Package pdftex.def Info: logoifop.png  used on input line 2692.
(pdftex.def)             Requested size: 35.29353pt x 42.6774pt.

Package fancyhdr Warning: \footskip is too small (5.0pt): 
(fancyhdr)                Make it at least 7.875pt, for example:
(fancyhdr)                \setlength{\footskip}{7.875pt}.

[42 <./Fig/figura19.pdf>]
File: logoifop.png Graphic file (type png)
<use logoifop.png>
Package pdftex.def Info: logoifop.png  used on input line 2719.
(pdftex.def)             Requested size: 35.29353pt x 42.6774pt.

Package fancyhdr Warning: \footskip is too small (5.0pt): 
(fancyhdr)                Make it at least 7.875pt, for example:
(fancyhdr)                \setlength{\footskip}{7.875pt}.

[43]
<Fig/figura20.pdf, id=787, 867.24pt x 1011.78pt>
File: Fig/figura20.pdf Graphic file (type pdf)
<use Fig/figura20.pdf>
Package pdftex.def Info: Fig/figura20.pdf  used on input line 2722.
(pdftex.def)             Requested size: 292.66103pt x 341.43785pt.
File: logoifop.png Graphic file (type png)
<use logoifop.png>
Package pdftex.def Info: logoifop.png  used on input line 2763.
(pdftex.def)             Requested size: 35.29353pt x 42.6774pt.

Package fancyhdr Warning: \footskip is too small (5.0pt): 
(fancyhdr)                Make it at least 7.875pt, for example:
(fancyhdr)                \setlength{\footskip}{7.875pt}.

[44 <./Fig/figura20.pdf>]
<Fig/figura21.pdf, id=807, 1011.78pt x 794.97pt>
File: Fig/figura21.pdf Graphic file (type pdf)
<use Fig/figura21.pdf>
Package pdftex.def Info: Fig/figura21.pdf  used on input line 2811.
(pdftex.def)             Requested size: 369.891pt x 290.62865pt.
File: logoifop.png Graphic file (type png)
<use logoifop.png>
Package pdftex.def Info: logoifop.png  used on input line 2834.
(pdftex.def)             Requested size: 35.29353pt x 42.6774pt.

Package fancyhdr Warning: \footskip is too small (5.0pt): 
(fancyhdr)                Make it at least 7.875pt, for example:
(fancyhdr)                \setlength{\footskip}{7.875pt}.

[45]
File: logoifop.png Graphic file (type png)
<use logoifop.png>
Package pdftex.def Info: logoifop.png  used on input line 2941.
(pdftex.def)             Requested size: 35.29353pt x 42.6774pt.

Package fancyhdr Warning: \footskip is too small (5.0pt): 
(fancyhdr)                Make it at least 7.875pt, for example:
(fancyhdr)                \setlength{\footskip}{7.875pt}.

[46 <./Fig/figura21.pdf>]
File: logoifop.png Graphic file (type png)
<use logoifop.png>
Package pdftex.def Info: logoifop.png  used on input line 3037.
(pdftex.def)             Requested size: 35.29353pt x 42.6774pt.

Package fancyhdr Warning: \footskip is too small (5.0pt): 
(fancyhdr)                Make it at least 7.875pt, for example:
(fancyhdr)                \setlength{\footskip}{7.875pt}.

[47]
<Fig/figura22.pdf, id=858, 1011.78pt x 794.97pt>
File: Fig/figura22.pdf Graphic file (type pdf)
<use Fig/figura22.pdf>
Package pdftex.def Info: Fig/figura22.pdf  used on input line 3068.
(pdftex.def)             Requested size: 369.891pt x 290.62865pt.
File: logoifop.png Graphic file (type png)
<use logoifop.png>
Package pdftex.def Info: logoifop.png  used on input line 3110.
(pdftex.def)             Requested size: 35.29353pt x 42.6774pt.

Package fancyhdr Warning: \footskip is too small (5.0pt): 
(fancyhdr)                Make it at least 7.875pt, for example:
(fancyhdr)                \setlength{\footskip}{7.875pt}.

[48]
File: logoifop.png Graphic file (type png)
<use logoifop.png>
Package pdftex.def Info: logoifop.png  used on input line 3201.
(pdftex.def)             Requested size: 35.29353pt x 42.6774pt.

Package fancyhdr Warning: \footskip is too small (5.0pt): 
(fancyhdr)                Make it at least 7.875pt, for example:
(fancyhdr)                \setlength{\footskip}{7.875pt}.

[49 <./Fig/figura22.pdf>]
File: logoifop.png Graphic file (type png)
<use logoifop.png>
Package pdftex.def Info: logoifop.png  used on input line 3290.
(pdftex.def)             Requested size: 35.29353pt x 42.6774pt.

Package fancyhdr Warning: \footskip is too small (5.0pt): 
(fancyhdr)                Make it at least 7.875pt, for example:
(fancyhdr)                \setlength{\footskip}{7.875pt}.

[50]
File: logoifop.png Graphic file (type png)
<use logoifop.png>
Package pdftex.def Info: logoifop.png  used on input line 3333.
(pdftex.def)             Requested size: 35.29353pt x 42.6774pt.

Package fancyhdr Warning: \footskip is too small (5.0pt): 
(fancyhdr)                Make it at least 7.875pt, for example:
(fancyhdr)                \setlength{\footskip}{7.875pt}.

[51]
File: logoifop.png Graphic file (type png)
<use logoifop.png>
Package pdftex.def Info: logoifop.png  used on input line 3417.
(pdftex.def)             Requested size: 35.29353pt x 42.6774pt.

Package fancyhdr Warning: \footskip is too small (5.0pt): 
(fancyhdr)                Make it at least 7.875pt, for example:
(fancyhdr)                \setlength{\footskip}{7.875pt}.

[52]
LaTeX Font Info:    Trying to load font information for T1+lmtt on input line 3
497.

(/Users/mariajosezunigabasualto/Library/TinyTeX/texmf-dist/tex/latex/lm/t1lmtt.
fd
File: t1lmtt.fd 2015/05/01 v1.6.1 Font defs for Latin Modern
)
File: logoifop.png Graphic file (type png)
<use logoifop.png>
Package pdftex.def Info: logoifop.png  used on input line 3502.
(pdftex.def)             Requested size: 35.29353pt x 42.6774pt.

Package fancyhdr Warning: \footskip is too small (5.0pt): 
(fancyhdr)                Make it at least 7.875pt, for example:
(fancyhdr)                \setlength{\footskip}{7.875pt}.

[53]
File: logoifop.png Graphic file (type png)
<use logoifop.png>
Package pdftex.def Info: logoifop.png  used on input line 3581.
(pdftex.def)             Requested size: 35.29353pt x 42.6774pt.

Package fancyhdr Warning: \footskip is too small (5.0pt): 
(fancyhdr)                Make it at least 7.875pt, for example:
(fancyhdr)                \setlength{\footskip}{7.875pt}.

[54]
File: logoifop.png Graphic file (type png)
<use logoifop.png>
Package pdftex.def Info: logoifop.png  used on input line 3622.
(pdftex.def)             Requested size: 35.29353pt x 42.6774pt.

Package fancyhdr Warning: \footskip is too small (5.0pt): 
(fancyhdr)                Make it at least 7.67097pt, for example:
(fancyhdr)                \setlength{\footskip}{7.67097pt}.

[55] (./DOCUMENTOTECNICO_ANCH_NORTE.aux
LaTeX Info: Redefining \. on input line 22.
LaTeX Info: Redefining \% on input line 22.
)
Package rerunfilecheck Info: File `DOCUMENTOTECNICO_ANCH_NORTE.out' has not cha
nged.
(rerunfilecheck)             Checksum: F1E4DE520A4EF7056E538963F98F97D1;10359.
 ) 
Here is how much of TeX's memory you used:
 14110 strings out of 480696
 216282 string characters out of 5900167
 586037 words of memory out of 5000000
 31033 multiletter control sequences out of 15000+600000
 467471 words of font info for 85 fonts, out of 8000000 for 9000
 14 hyphenation exceptions out of 8191
 60i,15n,66p,657b,420s stack positions out of 5000i,500n,10000p,200000b,80000s
{/Users/mariajosezunigabasualto/Library/TinyTeX/texmf-dist/fonts/enc/dvips/lm
/lm-ec.enc}{/Users/mariajosezunigabasualto/Library/TinyTeX/texmf-dist/fonts/enc
/dvips/lm/lm-rm.enc}{/Users/mariajosezunigabasualto/Library/TinyTeX/texmf-dist/
fonts/enc/dvips/lm/lm-mathit.enc}{/Users/mariajosezunigabasualto/Library/TinyTe
X/texmf-dist/fonts/enc/dvips/lm/lm-mathsy.enc}{/Users/mariajosezunigabasualto/L
ibrary/TinyTeX/texmf-dist/fonts/enc/dvips/lm/lm-mathex.enc}{/Users/mariajosezun
igabasualto/Library/TinyTeX/texmf-dist/fonts/enc/dvips/base/8r.enc}</Users/mari
ajosezunigabasualto/Library/TinyTeX/texmf-dist/fonts/type1/public/lm/lmex10.pfb
></Users/mariajosezunigabasualto/Library/TinyTeX/texmf-dist/fonts/type1/public/
lm/lmmi10.pfb></Users/mariajosezunigabasualto/Library/TinyTeX/texmf-dist/fonts/
type1/public/lm/lmmi5.pfb></Users/mariajosezunigabasualto/Library/TinyTeX/texmf
-dist/fonts/type1/public/lm/lmmi6.pfb></Users/mariajosezunigabasualto/Library/T
inyTeX/texmf-dist/fonts/type1/public/lm/lmmi7.pfb></Users/mariajosezunigabasual
to/Library/TinyTeX/texmf-dist/fonts/type1/public/lm/lmmi9.pfb></Users/mariajose
zunigabasualto/Library/TinyTeX/texmf-dist/fonts/type1/public/lm/lmr10.pfb></Use
rs/mariajosezunigabasualto/Library/TinyTeX/texmf-dist/fonts/type1/public/lm/lmr
5.pfb></Users/mariajosezunigabasualto/Library/TinyTeX/texmf-dist/fonts/type1/pu
blic/lm/lmr6.pfb></Users/mariajosezunigabasualto/Library/TinyTeX/texmf-dist/fon
ts/type1/public/lm/lmr7.pfb></Users/mariajosezunigabasualto/Library/TinyTeX/tex
mf-dist/fonts/type1/public/lm/lmr9.pfb></Users/mariajosezunigabasualto/Library/
TinyTeX/texmf-dist/fonts/type1/public/lm/lmsy10.pfb></Users/mariajosezunigabasu
alto/Library/TinyTeX/texmf-dist/fonts/type1/public/lm/lmsy5.pfb></Users/mariajo
sezunigabasualto/Library/TinyTeX/texmf-dist/fonts/type1/public/lm/lmsy6.pfb></U
sers/mariajosezunigabasualto/Library/TinyTeX/texmf-dist/fonts/type1/public/lm/l
msy7.pfb></Users/mariajosezunigabasualto/Library/TinyTeX/texmf-dist/fonts/type1
/public/lm/lmtt10.pfb></Users/mariajosezunigabasualto/Library/TinyTeX/texmf-dis
t/fonts/type1/urw/helvetic/uhvb8a.pfb></Users/mariajosezunigabasualto/Library/T
inyTeX/texmf-dist/fonts/type1/urw/helvetic/uhvr8a.pfb></Users/mariajosezunigaba
sualto/Library/TinyTeX/texmf-dist/fonts/type1/urw/helvetic/uhvro8a.pfb>
Output written on DOCUMENTOTECNICO_ANCH_NORTE.pdf (55 pages, 14886212 bytes).
PDF statistics:
 1061 PDF objects out of 1200 (max. 8388607)
 908 compressed objects within 10 object streams
 278 named destinations out of 1000 (max. 500000)
 476 words of extra memory for PDF output out of 10000 (max. 10000000)

